<?xml version="1.0" encoding="UTF-8"?>
<!-- Generated by org.testng.reporters.JUnitXMLReporter -->
<testsuite hostname="SONY-VAIO" ignored="1" name="Default test" tests="1" failures="0" timestamp="24 Mar 2018 10:30:22 GMT" time="1.408" errors="0">
  <testcase name="SQLServerDBConnection" time="1.348" classname="databaseConnecting.DatabaseConnectionWithSQLServer"/>
  <testcase name="TestDB" time="0.0" classname="databaseConnecting.DatabaseConnectionWithSQLServer">
    <ignored/>
  </testcase> <!-- TestDB -->
</testsuite> <!-- Default test -->
