<?xml version="1.0" encoding="UTF-8"?>
<testng-results skipped="0" failed="0" ignored="1" total="2" passed="1">
  <reporter-output>
  </reporter-output>
  <suite name="Default suite" duration-ms="1408" started-at="2018-03-24T10:30:20Z" finished-at="2018-03-24T10:30:22Z">
    <groups>
    </groups>
    <test name="Default test" duration-ms="1408" started-at="2018-03-24T10:30:20Z" finished-at="2018-03-24T10:30:22Z">
      <class name="databaseConnecting.DatabaseConnectionWithSQLServer">
        <test-method status="PASS" signature="SQLServerDBConnection()[pri:0, instance:databaseConnecting.DatabaseConnectionWithSQLServer@1efbd816]" name="SQLServerDBConnection" duration-ms="1348" started-at="2018-03-24T16:00:20Z" finished-at="2018-03-24T16:00:22Z">
          <reporter-output>
          </reporter-output>
        </test-method> <!-- SQLServerDBConnection -->
      </class> <!-- databaseConnecting.DatabaseConnectionWithSQLServer -->
    </test> <!-- Default test -->
  </suite> <!-- Default suite -->
</testng-results>
